:public is no longer used to avoid overloading Module#public, use :public_folder or :public_dir instead
	from /Users/Stephen/dragons/portfolio/app.rb:5:in `<top (required)>'
[2016-02-02 12:37:01] INFO  WEBrick 1.3.1
[2016-02-02 12:37:01] INFO  ruby 2.2.3 (2015-08-18) [x86_64-darwin13]
[2016-02-02 12:37:01] INFO  WEBrick::HTTPServer#start: pid=5431 port=9292
[2016-02-02 12:37:03] INFO  going to shutdown ...
[2016-02-02 12:37:03] INFO  WEBrick::HTTPServer#start done.
:public is no longer used to avoid overloading Module#public, use :public_folder or :public_dir instead
	from /Users/Stephen/dragons/portfolio/app.rb:5:in `<top (required)>'
[2016-02-02 12:38:28] INFO  WEBrick 1.3.1
[2016-02-02 12:38:28] INFO  ruby 2.2.3 (2015-08-18) [x86_64-darwin13]
[2016-02-02 12:38:28] INFO  WEBrick::HTTPServer#start: pid=5546 port=9292
WARN: tilt autoloading 'tilt/erb' in a non thread-safe way; explicit require 'tilt/erb' suggested.
::1 - - [02/Feb/2016:12:38:30 -0600] "GET / HTTP/1.1" 200 3076 0.0180
::1 - - [02/Feb/2016:12:38:30 -0600] "GET /styles/main.css HTTP/1.1" 304 - 0.0013
::1 - - [02/Feb/2016:12:38:30 -0600] "GET /scripts/app.js HTTP/1.1" 304 - 0.0010
::1 - - [02/Feb/2016:12:38:31 -0600] "GET / HTTP/1.1" 200 3076 0.0030
::1 - - [02/Feb/2016:12:38:31 -0600] "GET /styles/main.css HTTP/1.1" 304 - 0.0007
::1 - - [02/Feb/2016:12:38:31 -0600] "GET /scripts/app.js HTTP/1.1" 304 - 0.0007
[2016-02-02 12:38:32] INFO  going to shutdown ...
[2016-02-02 12:38:33] INFO  WEBrick::HTTPServer#start done.
